Copyright 1986-2018 Xilinx, Inc. All Rights Reserved.
--------------------------------------------------------------------------------------------------------------------------------------------------------------------------------
| Tool Version : Vivado v.2018.3 (win64) Build 2405991 Thu Dec  6 23:38:27 MST 2018
| Date         : Sat May 27 13:09:20 2023
| Host         : LAPTOP-2NH1042S running 64-bit major release  (build 9200)
| Command      : report_methodology -file SETARE_PROGRAM_methodology_drc_routed.rpt -pb SETARE_PROGRAM_methodology_drc_routed.pb -rpx SETARE_PROGRAM_methodology_drc_routed.rpx
| Design       : SETARE_PROGRAM
| Device       : xc7a35tcpg236-1
| Speed File   : -1
| Design State : Fully Routed
--------------------------------------------------------------------------------------------------------------------------------------------------------------------------------

Report Methodology

Table of Contents
-----------------
1. REPORT SUMMARY
2. REPORT DETAILS

1. REPORT SUMMARY
-----------------
            Netlist: netlist
          Floorplan: design_1
      Design limits: <entire design considered>
             Max violations: <unlimited>
             Violations found: 284
+-----------+----------+-------------------------------+------------+
| Rule      | Severity | Description                   | Violations |
+-----------+----------+-------------------------------+------------+
| LUTAR-1   | Warning  | LUT drives async reset alert  | 32         |
| TIMING-17 | Warning  | Non-clocked sequential cell   | 140        |
| TIMING-18 | Warning  | Missing input or output delay | 13         |
| TIMING-20 | Warning  | Non-clocked latch             | 99         |
+-----------+----------+-------------------------------+------------+

2. REPORT DETAILS
-----------------
LUTAR-1#1 Warning
LUT drives async reset alert  
LUT cell PROG_EXEC/num_uscare/hour_digit_reg[1]_LDC_i_1__0, with 2 or more inputs, drives asynchronous preset/clear pin(s) PROG_EXEC/num_clatire/hour_digit_reg[1]_P/PRE, PROG_EXEC/num_clatire_sup/hour_digit_reg[1]_P/PRE, PROG_EXEC/num_evacuare/hour_digit_reg[1]_P/PRE, PROG_EXEC/num_inmuiere/hour_digit_reg[1]_P/PRE, PROG_EXEC/num_spalare_prin/hour_digit_reg[1]_P/PRE, PROG_EXEC/num_uscare/hour_digit_reg[1]_P/PRE. The LUT may glitch and trigger an unexpected reset, even if it is a properly timed path.
Related violations: <none>

LUTAR-1#2 Warning
LUT drives async reset alert  
LUT cell PROG_EXEC/num_uscare/hour_digit_reg[1]_LDC_i_2__0, with 2 or more inputs, drives asynchronous preset/clear pin(s) PROG_EXEC/num_clatire/hour_digit_reg[1]_C/CLR, PROG_EXEC/num_clatire/hour_digit_reg[1]_LDC/CLR, PROG_EXEC/num_clatire_sup/hour_digit_reg[1]_C/CLR, PROG_EXEC/num_clatire_sup/hour_digit_reg[1]_LDC/CLR, PROG_EXEC/num_evacuare/hour_digit_reg[1]_C/CLR, PROG_EXEC/num_evacuare/hour_digit_reg[1]_LDC/CLR, PROG_EXEC/num_inmuiere/hour_digit_reg[1]_C/CLR, PROG_EXEC/num_inmuiere/hour_digit_reg[1]_LDC/CLR, PROG_EXEC/num_spalare_prin/hour_digit_reg[1]_C/CLR, PROG_EXEC/num_spalare_prin/hour_digit_reg[1]_LDC/CLR, PROG_EXEC/num_uscare/hour_digit_reg[1]_C/CLR, PROG_EXEC/num_uscare/hour_digit_reg[1]_LDC/CLR. The LUT may glitch and trigger an unexpected reset, even if it is a properly timed path.
Related violations: <none>

LUTAR-1#3 Warning
LUT drives async reset alert  
LUT cell PROG_EXEC/num_uscare/min_digit0_reg[0]_LDC_i_1__0, with 2 or more inputs, drives asynchronous preset/clear pin(s) PROG_EXEC/num_clatire/min_digit0_reg[0]_P/PRE, PROG_EXEC/num_clatire_sup/min_digit0_reg[0]_P/PRE, PROG_EXEC/num_evacuare/min_digit0_reg[0]_P/PRE, PROG_EXEC/num_inmuiere/min_digit0_reg[0]_P/PRE, PROG_EXEC/num_spalare_prin/min_digit0_reg[0]_P/PRE, PROG_EXEC/num_uscare/min_digit0_reg[0]_P/PRE. The LUT may glitch and trigger an unexpected reset, even if it is a properly timed path.
Related violations: <none>

LUTAR-1#4 Warning
LUT drives async reset alert  
LUT cell PROG_EXEC/num_uscare/min_digit0_reg[0]_LDC_i_2__0, with 2 or more inputs, drives asynchronous preset/clear pin(s) PROG_EXEC/num_clatire/min_digit0_reg[0]_C/CLR, PROG_EXEC/num_clatire/min_digit0_reg[0]_LDC/CLR, PROG_EXEC/num_clatire_sup/min_digit0_reg[0]_C/CLR, PROG_EXEC/num_clatire_sup/min_digit0_reg[0]_LDC/CLR, PROG_EXEC/num_evacuare/min_digit0_reg[0]_C/CLR, PROG_EXEC/num_evacuare/min_digit0_reg[0]_LDC/CLR, PROG_EXEC/num_inmuiere/min_digit0_reg[0]_C/CLR, PROG_EXEC/num_inmuiere/min_digit0_reg[0]_LDC/CLR, PROG_EXEC/num_spalare_prin/min_digit0_reg[0]_C/CLR, PROG_EXEC/num_spalare_prin/min_digit0_reg[0]_LDC/CLR, PROG_EXEC/num_uscare/min_digit0_reg[0]_C/CLR, PROG_EXEC/num_uscare/min_digit0_reg[0]_LDC/CLR. The LUT may glitch and trigger an unexpected reset, even if it is a properly timed path.
Related violations: <none>

LUTAR-1#5 Warning
LUT drives async reset alert  
LUT cell PROG_EXEC/num_uscare/min_digit0_reg[1]_LDC_i_1__0, with 2 or more inputs, drives asynchronous preset/clear pin(s) PROG_EXEC/num_clatire/min_digit0_reg[1]_P/PRE, PROG_EXEC/num_clatire_sup/min_digit0_reg[1]_P/PRE, PROG_EXEC/num_evacuare/min_digit0_reg[1]_P/PRE, PROG_EXEC/num_inmuiere/min_digit0_reg[1]_P/PRE, PROG_EXEC/num_spalare_prin/min_digit0_reg[1]_P/PRE, PROG_EXEC/num_uscare/min_digit0_reg[1]_P/PRE. The LUT may glitch and trigger an unexpected reset, even if it is a properly timed path.
Related violations: <none>

LUTAR-1#6 Warning
LUT drives async reset alert  
LUT cell PROG_EXEC/num_uscare/min_digit0_reg[1]_LDC_i_2__0, with 2 or more inputs, drives asynchronous preset/clear pin(s) PROG_EXEC/num_clatire/min_digit0_reg[1]_C/CLR, PROG_EXEC/num_clatire/min_digit0_reg[1]_LDC/CLR, PROG_EXEC/num_clatire_sup/min_digit0_reg[1]_C/CLR, PROG_EXEC/num_clatire_sup/min_digit0_reg[1]_LDC/CLR, PROG_EXEC/num_evacuare/min_digit0_reg[1]_C/CLR, PROG_EXEC/num_evacuare/min_digit0_reg[1]_LDC/CLR, PROG_EXEC/num_inmuiere/min_digit0_reg[1]_C/CLR, PROG_EXEC/num_inmuiere/min_digit0_reg[1]_LDC/CLR, PROG_EXEC/num_spalare_prin/min_digit0_reg[1]_C/CLR, PROG_EXEC/num_spalare_prin/min_digit0_reg[1]_LDC/CLR, PROG_EXEC/num_uscare/min_digit0_reg[1]_C/CLR, PROG_EXEC/num_uscare/min_digit0_reg[1]_LDC/CLR. The LUT may glitch and trigger an unexpected reset, even if it is a properly timed path.
Related violations: <none>

LUTAR-1#7 Warning
LUT drives async reset alert  
LUT cell PROG_EXEC/num_uscare/min_digit0_reg[2]_LDC_i_1__0, with 2 or more inputs, drives asynchronous preset/clear pin(s) PROG_EXEC/num_clatire/min_digit0_reg[2]_P/PRE, PROG_EXEC/num_clatire_sup/min_digit0_reg[2]_P/PRE, PROG_EXEC/num_evacuare/min_digit0_reg[2]_P/PRE, PROG_EXEC/num_inmuiere/min_digit0_reg[2]_P/PRE, PROG_EXEC/num_spalare_prin/min_digit0_reg[2]_P/PRE, PROG_EXEC/num_uscare/min_digit0_reg[2]_P/PRE. The LUT may glitch and trigger an unexpected reset, even if it is a properly timed path.
Related violations: <none>

LUTAR-1#8 Warning
LUT drives async reset alert  
LUT cell PROG_EXEC/num_uscare/min_digit0_reg[2]_LDC_i_2__0, with 2 or more inputs, drives asynchronous preset/clear pin(s) PROG_EXEC/num_clatire/min_digit0_reg[2]_C/CLR, PROG_EXEC/num_clatire/min_digit0_reg[2]_LDC/CLR, PROG_EXEC/num_clatire_sup/min_digit0_reg[2]_C/CLR, PROG_EXEC/num_clatire_sup/min_digit0_reg[2]_LDC/CLR, PROG_EXEC/num_evacuare/min_digit0_reg[2]_C/CLR, PROG_EXEC/num_evacuare/min_digit0_reg[2]_LDC/CLR, PROG_EXEC/num_inmuiere/min_digit0_reg[2]_C/CLR, PROG_EXEC/num_inmuiere/min_digit0_reg[2]_LDC/CLR, PROG_EXEC/num_spalare_prin/min_digit0_reg[2]_C/CLR, PROG_EXEC/num_spalare_prin/min_digit0_reg[2]_LDC/CLR, PROG_EXEC/num_uscare/min_digit0_reg[2]_C/CLR, PROG_EXEC/num_uscare/min_digit0_reg[2]_LDC/CLR. The LUT may glitch and trigger an unexpected reset, even if it is a properly timed path.
Related violations: <none>

LUTAR-1#9 Warning
LUT drives async reset alert  
LUT cell PROG_EXEC/num_uscare/min_digit0_reg[3]_LDC_i_1, with 2 or more inputs, drives asynchronous preset/clear pin(s) PROG_EXEC/num_clatire/min_digit0_reg[3]_P/PRE, PROG_EXEC/num_clatire_sup/min_digit0_reg[3]_P/PRE, PROG_EXEC/num_evacuare/min_digit0_reg[3]_P/PRE, PROG_EXEC/num_inmuiere/min_digit0_reg[3]_P/PRE, PROG_EXEC/num_spalare_prin/min_digit0_reg[3]_P/PRE, PROG_EXEC/num_uscare/min_digit0_reg[3]_P/PRE. The LUT may glitch and trigger an unexpected reset, even if it is a properly timed path.
Related violations: <none>

LUTAR-1#10 Warning
LUT drives async reset alert  
LUT cell PROG_EXEC/num_uscare/min_digit0_reg[3]_LDC_i_2, with 2 or more inputs, drives asynchronous preset/clear pin(s) PROG_EXEC/num_clatire/min_digit0_reg[3]_C/CLR, PROG_EXEC/num_clatire/min_digit0_reg[3]_LDC/CLR, PROG_EXEC/num_clatire_sup/min_digit0_reg[3]_C/CLR, PROG_EXEC/num_clatire_sup/min_digit0_reg[3]_LDC/CLR, PROG_EXEC/num_evacuare/min_digit0_reg[3]_C/CLR, PROG_EXEC/num_evacuare/min_digit0_reg[3]_LDC/CLR, PROG_EXEC/num_inmuiere/min_digit0_reg[3]_C/CLR, PROG_EXEC/num_inmuiere/min_digit0_reg[3]_LDC/CLR, PROG_EXEC/num_spalare_prin/min_digit0_reg[3]_C/CLR, PROG_EXEC/num_spalare_prin/min_digit0_reg[3]_LDC/CLR, PROG_EXEC/num_uscare/min_digit0_reg[3]_C/CLR, PROG_EXEC/num_uscare/min_digit0_reg[3]_LDC/CLR. The LUT may glitch and trigger an unexpected reset, even if it is a properly timed path.
Related violations: <none>

LUTAR-1#11 Warning
LUT drives async reset alert  
LUT cell PROG_EXEC/num_uscare/min_digit1_reg[0]_LDC_i_1__0, with 2 or more inputs, drives asynchronous preset/clear pin(s) PROG_EXEC/num_clatire/min_digit1_reg[0]_P/PRE, PROG_EXEC/num_clatire_sup/min_digit1_reg[0]_P/PRE, PROG_EXEC/num_evacuare/min_digit1_reg[0]_P/PRE, PROG_EXEC/num_inmuiere/min_digit1_reg[0]_P/PRE, PROG_EXEC/num_spalare_prin/min_digit1_reg[0]_P/PRE, PROG_EXEC/num_uscare/min_digit1_reg[0]_P/PRE. The LUT may glitch and trigger an unexpected reset, even if it is a properly timed path.
Related violations: <none>

LUTAR-1#12 Warning
LUT drives async reset alert  
LUT cell PROG_EXEC/num_uscare/min_digit1_reg[0]_LDC_i_2__0, with 2 or more inputs, drives asynchronous preset/clear pin(s) PROG_EXEC/num_clatire/min_digit1_reg[0]_C/CLR, PROG_EXEC/num_clatire/min_digit1_reg[0]_LDC/CLR, PROG_EXEC/num_clatire_sup/min_digit1_reg[0]_C/CLR, PROG_EXEC/num_clatire_sup/min_digit1_reg[0]_LDC/CLR, PROG_EXEC/num_evacuare/min_digit1_reg[0]_C/CLR, PROG_EXEC/num_evacuare/min_digit1_reg[0]_LDC/CLR, PROG_EXEC/num_inmuiere/min_digit1_reg[0]_C/CLR, PROG_EXEC/num_inmuiere/min_digit1_reg[0]_LDC/CLR, PROG_EXEC/num_spalare_prin/min_digit1_reg[0]_C/CLR, PROG_EXEC/num_spalare_prin/min_digit1_reg[0]_LDC/CLR, PROG_EXEC/num_uscare/min_digit1_reg[0]_C/CLR, PROG_EXEC/num_uscare/min_digit1_reg[0]_LDC/CLR. The LUT may glitch and trigger an unexpected reset, even if it is a properly timed path.
Related violations: <none>

LUTAR-1#13 Warning
LUT drives async reset alert  
LUT cell PROG_EXEC/num_uscare/min_digit1_reg[1]_LDC_i_1__0, with 2 or more inputs, drives asynchronous preset/clear pin(s) PROG_EXEC/num_clatire/min_digit1_reg[1]_P/PRE, PROG_EXEC/num_clatire_sup/min_digit1_reg[1]_P/PRE, PROG_EXEC/num_evacuare/min_digit1_reg[1]_P/PRE, PROG_EXEC/num_inmuiere/min_digit1_reg[1]_P/PRE, PROG_EXEC/num_spalare_prin/min_digit1_reg[1]_P/PRE, PROG_EXEC/num_uscare/min_digit1_reg[1]_P/PRE. The LUT may glitch and trigger an unexpected reset, even if it is a properly timed path.
Related violations: <none>

LUTAR-1#14 Warning
LUT drives async reset alert  
LUT cell PROG_EXEC/num_uscare/min_digit1_reg[1]_LDC_i_2__0, with 2 or more inputs, drives asynchronous preset/clear pin(s) PROG_EXEC/num_clatire/min_digit1_reg[1]_C/CLR, PROG_EXEC/num_clatire/min_digit1_reg[1]_LDC/CLR, PROG_EXEC/num_clatire_sup/min_digit1_reg[1]_C/CLR, PROG_EXEC/num_clatire_sup/min_digit1_reg[1]_LDC/CLR, PROG_EXEC/num_evacuare/min_digit1_reg[1]_C/CLR, PROG_EXEC/num_evacuare/min_digit1_reg[1]_LDC/CLR, PROG_EXEC/num_inmuiere/min_digit1_reg[1]_C/CLR, PROG_EXEC/num_inmuiere/min_digit1_reg[1]_LDC/CLR, PROG_EXEC/num_spalare_prin/min_digit1_reg[1]_C/CLR, PROG_EXEC/num_spalare_prin/min_digit1_reg[1]_LDC/CLR, PROG_EXEC/num_uscare/min_digit1_reg[1]_C/CLR, PROG_EXEC/num_uscare/min_digit1_reg[1]_LDC/CLR. The LUT may glitch and trigger an unexpected reset, even if it is a properly timed path.
Related violations: <none>

LUTAR-1#15 Warning
LUT drives async reset alert  
LUT cell PROG_EXEC/num_uscare/min_digit1_reg[2]_LDC_i_1__0, with 2 or more inputs, drives asynchronous preset/clear pin(s) PROG_EXEC/num_clatire/hour_digit_reg[0]_P/PRE, PROG_EXEC/num_clatire/min_digit1_reg[2]_P/PRE, PROG_EXEC/num_clatire_sup/hour_digit_reg[0]_P/PRE, PROG_EXEC/num_clatire_sup/min_digit1_reg[2]_P/PRE, PROG_EXEC/num_evacuare/hour_digit_reg[0]_P/PRE, PROG_EXEC/num_evacuare/min_digit1_reg[2]_P/PRE, PROG_EXEC/num_inmuiere/hour_digit_reg[0]_P/PRE, PROG_EXEC/num_inmuiere/min_digit1_reg[2]_P/PRE, PROG_EXEC/num_spalare_prin/hour_digit_reg[0]_P/PRE, PROG_EXEC/num_spalare_prin/min_digit1_reg[2]_P/PRE, PROG_EXEC/num_uscare/hour_digit_reg[0]_P/PRE, PROG_EXEC/num_uscare/min_digit1_reg[2]_P/PRE. The LUT may glitch and trigger an unexpected reset, even if it is a properly timed path.
Related violations: <none>

LUTAR-1#16 Warning
LUT drives async reset alert  
LUT cell PROG_EXEC/num_uscare/min_digit1_reg[2]_LDC_i_2__0, with 2 or more inputs, drives asynchronous preset/clear pin(s) PROG_EXEC/num_clatire/hour_digit_reg[0]_C/CLR, PROG_EXEC/num_clatire/hour_digit_reg[0]_LDC/CLR, PROG_EXEC/num_clatire/min_digit1_reg[2]_C/CLR, PROG_EXEC/num_clatire/min_digit1_reg[2]_LDC/CLR, PROG_EXEC/num_clatire_sup/hour_digit_reg[0]_C/CLR, PROG_EXEC/num_clatire_sup/hour_digit_reg[0]_LDC/CLR, PROG_EXEC/num_clatire_sup/min_digit1_reg[2]_C/CLR, PROG_EXEC/num_clatire_sup/min_digit1_reg[2]_LDC/CLR, PROG_EXEC/num_evacuare/hour_digit_reg[0]_C/CLR, PROG_EXEC/num_evacuare/hour_digit_reg[0]_LDC/CLR, PROG_EXEC/num_evacuare/min_digit1_reg[2]_C/CLR, PROG_EXEC/num_evacuare/min_digit1_reg[2]_LDC/CLR, PROG_EXEC/num_inmuiere/hour_digit_reg[0]_C/CLR, PROG_EXEC/num_inmuiere/hour_digit_reg[0]_LDC/CLR, PROG_EXEC/num_inmuiere/min_digit1_reg[2]_C/CLR (the first 15 of 24 listed). The LUT may glitch and trigger an unexpected reset, even if it is a properly timed path.
Related violations: <none>

LUTAR-1#17 Warning
LUT drives async reset alert  
LUT cell Timp_num/hour_digit_reg[0]_LDC_i_1, with 2 or more inputs, drives asynchronous preset/clear pin(s) Timp_num/hour_digit_reg[0]_P/PRE. The LUT may glitch and trigger an unexpected reset, even if it is a properly timed path.
Related violations: <none>

LUTAR-1#18 Warning
LUT drives async reset alert  
LUT cell Timp_num/hour_digit_reg[0]_LDC_i_2, with 2 or more inputs, drives asynchronous preset/clear pin(s) Timp_num/hour_digit_reg[0]_C/CLR, Timp_num/hour_digit_reg[0]_LDC/CLR. The LUT may glitch and trigger an unexpected reset, even if it is a properly timed path.
Related violations: <none>

LUTAR-1#19 Warning
LUT drives async reset alert  
LUT cell Timp_num/hour_digit_reg[1]_LDC_i_1, with 2 or more inputs, drives asynchronous preset/clear pin(s) Timp_num/hour_digit_reg[1]_P/PRE. The LUT may glitch and trigger an unexpected reset, even if it is a properly timed path.
Related violations: <none>

LUTAR-1#20 Warning
LUT drives async reset alert  
LUT cell Timp_num/hour_digit_reg[1]_LDC_i_2, with 2 or more inputs, drives asynchronous preset/clear pin(s) Timp_num/hour_digit_reg[1]_C/CLR, Timp_num/hour_digit_reg[1]_LDC/CLR. The LUT may glitch and trigger an unexpected reset, even if it is a properly timed path.
Related violations: <none>

LUTAR-1#21 Warning
LUT drives async reset alert  
LUT cell Timp_num/min_digit0_reg[0]_LDC_i_1, with 2 or more inputs, drives asynchronous preset/clear pin(s) Timp_num/min_digit0_reg[0]_P/PRE. The LUT may glitch and trigger an unexpected reset, even if it is a properly timed path.
Related violations: <none>

LUTAR-1#22 Warning
LUT drives async reset alert  
LUT cell Timp_num/min_digit0_reg[0]_LDC_i_2, with 2 or more inputs, drives asynchronous preset/clear pin(s) Timp_num/min_digit0_reg[0]_C/CLR, Timp_num/min_digit0_reg[0]_LDC/CLR. The LUT may glitch and trigger an unexpected reset, even if it is a properly timed path.
Related violations: <none>

LUTAR-1#23 Warning
LUT drives async reset alert  
LUT cell Timp_num/min_digit0_reg[1]_LDC_i_1, with 2 or more inputs, drives asynchronous preset/clear pin(s) Timp_num/min_digit0_reg[1]_P/PRE. The LUT may glitch and trigger an unexpected reset, even if it is a properly timed path.
Related violations: <none>

LUTAR-1#24 Warning
LUT drives async reset alert  
LUT cell Timp_num/min_digit0_reg[1]_LDC_i_2, with 2 or more inputs, drives asynchronous preset/clear pin(s) Timp_num/min_digit0_reg[1]_C/CLR, Timp_num/min_digit0_reg[1]_LDC/CLR. The LUT may glitch and trigger an unexpected reset, even if it is a properly timed path.
Related violations: <none>

LUTAR-1#25 Warning
LUT drives async reset alert  
LUT cell Timp_num/min_digit0_reg[2]_LDC_i_1, with 2 or more inputs, drives asynchronous preset/clear pin(s) Timp_num/min_digit0_reg[2]_P/PRE. The LUT may glitch and trigger an unexpected reset, even if it is a properly timed path.
Related violations: <none>

LUTAR-1#26 Warning
LUT drives async reset alert  
LUT cell Timp_num/min_digit0_reg[2]_LDC_i_2, with 2 or more inputs, drives asynchronous preset/clear pin(s) Timp_num/min_digit0_reg[2]_C/CLR, Timp_num/min_digit0_reg[2]_LDC/CLR. The LUT may glitch and trigger an unexpected reset, even if it is a properly timed path.
Related violations: <none>

LUTAR-1#27 Warning
LUT drives async reset alert  
LUT cell Timp_num/min_digit1_reg[0]_LDC_i_1, with 2 or more inputs, drives asynchronous preset/clear pin(s) Timp_num/min_digit1_reg[0]_P/PRE. The LUT may glitch and trigger an unexpected reset, even if it is a properly timed path.
Related violations: <none>

LUTAR-1#28 Warning
LUT drives async reset alert  
LUT cell Timp_num/min_digit1_reg[0]_LDC_i_2, with 2 or more inputs, drives asynchronous preset/clear pin(s) Timp_num/min_digit1_reg[0]_C/CLR, Timp_num/min_digit1_reg[0]_LDC/CLR. The LUT may glitch and trigger an unexpected reset, even if it is a properly timed path.
Related violations: <none>

LUTAR-1#29 Warning
LUT drives async reset alert  
LUT cell Timp_num/min_digit1_reg[1]_LDC_i_1, with 2 or more inputs, drives asynchronous preset/clear pin(s) Timp_num/min_digit1_reg[1]_P/PRE. The LUT may glitch and trigger an unexpected reset, even if it is a properly timed path.
Related violations: <none>

LUTAR-1#30 Warning
LUT drives async reset alert  
LUT cell Timp_num/min_digit1_reg[1]_LDC_i_2, with 2 or more inputs, drives asynchronous preset/clear pin(s) Timp_num/min_digit1_reg[1]_C/CLR, Timp_num/min_digit1_reg[1]_LDC/CLR. The LUT may glitch and trigger an unexpected reset, even if it is a properly timed path.
Related violations: <none>

LUTAR-1#31 Warning
LUT drives async reset alert  
LUT cell Timp_num/min_digit1_reg[2]_LDC_i_1, with 2 or more inputs, drives asynchronous preset/clear pin(s) Timp_num/min_digit1_reg[2]_P/PRE. The LUT may glitch and trigger an unexpected reset, even if it is a properly timed path.
Related violations: <none>

LUTAR-1#32 Warning
LUT drives async reset alert  
LUT cell Timp_num/min_digit1_reg[2]_LDC_i_2, with 2 or more inputs, drives asynchronous preset/clear pin(s) Timp_num/min_digit1_reg[2]_C/CLR, Timp_num/min_digit1_reg[2]_LDC/CLR. The LUT may glitch and trigger an unexpected reset, even if it is a properly timed path.
Related violations: <none>

TIMING-17#1 Warning
Non-clocked sequential cell  
The clock pin PROG_EXEC/num_clatire/DONE_reg/C is not reached by a timing clock
Related violations: <none>

TIMING-17#2 Warning
Non-clocked sequential cell  
The clock pin PROG_EXEC/num_clatire/hour_digit_reg[0]_C/C is not reached by a timing clock
Related violations: <none>

TIMING-17#3 Warning
Non-clocked sequential cell  
The clock pin PROG_EXEC/num_clatire/hour_digit_reg[0]_P/C is not reached by a timing clock
Related violations: <none>

TIMING-17#4 Warning
Non-clocked sequential cell  
The clock pin PROG_EXEC/num_clatire/hour_digit_reg[1]_C/C is not reached by a timing clock
Related violations: <none>

TIMING-17#5 Warning
Non-clocked sequential cell  
The clock pin PROG_EXEC/num_clatire/hour_digit_reg[1]_P/C is not reached by a timing clock
Related violations: <none>

TIMING-17#6 Warning
Non-clocked sequential cell  
The clock pin PROG_EXEC/num_clatire/min_digit0_reg[0]_C/C is not reached by a timing clock
Related violations: <none>

TIMING-17#7 Warning
Non-clocked sequential cell  
The clock pin PROG_EXEC/num_clatire/min_digit0_reg[0]_P/C is not reached by a timing clock
Related violations: <none>

TIMING-17#8 Warning
Non-clocked sequential cell  
The clock pin PROG_EXEC/num_clatire/min_digit0_reg[1]_C/C is not reached by a timing clock
Related violations: <none>

TIMING-17#9 Warning
Non-clocked sequential cell  
The clock pin PROG_EXEC/num_clatire/min_digit0_reg[1]_P/C is not reached by a timing clock
Related violations: <none>

TIMING-17#10 Warning
Non-clocked sequential cell  
The clock pin PROG_EXEC/num_clatire/min_digit0_reg[2]_C/C is not reached by a timing clock
Related violations: <none>

TIMING-17#11 Warning
Non-clocked sequential cell  
The clock pin PROG_EXEC/num_clatire/min_digit0_reg[2]_P/C is not reached by a timing clock
Related violations: <none>

TIMING-17#12 Warning
Non-clocked sequential cell  
The clock pin PROG_EXEC/num_clatire/min_digit0_reg[3]_C/C is not reached by a timing clock
Related violations: <none>

TIMING-17#13 Warning
Non-clocked sequential cell  
The clock pin PROG_EXEC/num_clatire/min_digit0_reg[3]_P/C is not reached by a timing clock
Related violations: <none>

TIMING-17#14 Warning
Non-clocked sequential cell  
The clock pin PROG_EXEC/num_clatire/min_digit1_reg[0]_C/C is not reached by a timing clock
Related violations: <none>

TIMING-17#15 Warning
Non-clocked sequential cell  
The clock pin PROG_EXEC/num_clatire/min_digit1_reg[0]_P/C is not reached by a timing clock
Related violations: <none>

TIMING-17#16 Warning
Non-clocked sequential cell  
The clock pin PROG_EXEC/num_clatire/min_digit1_reg[1]_C/C is not reached by a timing clock
Related violations: <none>

TIMING-17#17 Warning
Non-clocked sequential cell  
The clock pin PROG_EXEC/num_clatire/min_digit1_reg[1]_P/C is not reached by a timing clock
Related violations: <none>

TIMING-17#18 Warning
Non-clocked sequential cell  
The clock pin PROG_EXEC/num_clatire/min_digit1_reg[2]_C/C is not reached by a timing clock
Related violations: <none>

TIMING-17#19 Warning
Non-clocked sequential cell  
The clock pin PROG_EXEC/num_clatire/min_digit1_reg[2]_P/C is not reached by a timing clock
Related violations: <none>

TIMING-17#20 Warning
Non-clocked sequential cell  
The clock pin PROG_EXEC/num_clatire/min_digit1_reg[3]/C is not reached by a timing clock
Related violations: <none>

TIMING-17#21 Warning
Non-clocked sequential cell  
The clock pin PROG_EXEC/num_clatire_sup/DONE_reg/C is not reached by a timing clock
Related violations: <none>

TIMING-17#22 Warning
Non-clocked sequential cell  
The clock pin PROG_EXEC/num_clatire_sup/hour_digit_reg[0]_C/C is not reached by a timing clock
Related violations: <none>

TIMING-17#23 Warning
Non-clocked sequential cell  
The clock pin PROG_EXEC/num_clatire_sup/hour_digit_reg[0]_P/C is not reached by a timing clock
Related violations: <none>

TIMING-17#24 Warning
Non-clocked sequential cell  
The clock pin PROG_EXEC/num_clatire_sup/hour_digit_reg[1]_C/C is not reached by a timing clock
Related violations: <none>

TIMING-17#25 Warning
Non-clocked sequential cell  
The clock pin PROG_EXEC/num_clatire_sup/hour_digit_reg[1]_P/C is not reached by a timing clock
Related violations: <none>

TIMING-17#26 Warning
Non-clocked sequential cell  
The clock pin PROG_EXEC/num_clatire_sup/min_digit0_reg[0]_C/C is not reached by a timing clock
Related violations: <none>

TIMING-17#27 Warning
Non-clocked sequential cell  
The clock pin PROG_EXEC/num_clatire_sup/min_digit0_reg[0]_P/C is not reached by a timing clock
Related violations: <none>

TIMING-17#28 Warning
Non-clocked sequential cell  
The clock pin PROG_EXEC/num_clatire_sup/min_digit0_reg[1]_C/C is not reached by a timing clock
Related violations: <none>

TIMING-17#29 Warning
Non-clocked sequential cell  
The clock pin PROG_EXEC/num_clatire_sup/min_digit0_reg[1]_P/C is not reached by a timing clock
Related violations: <none>

TIMING-17#30 Warning
Non-clocked sequential cell  
The clock pin PROG_EXEC/num_clatire_sup/min_digit0_reg[2]_C/C is not reached by a timing clock
Related violations: <none>

TIMING-17#31 Warning
Non-clocked sequential cell  
The clock pin PROG_EXEC/num_clatire_sup/min_digit0_reg[2]_P/C is not reached by a timing clock
Related violations: <none>

TIMING-17#32 Warning
Non-clocked sequential cell  
The clock pin PROG_EXEC/num_clatire_sup/min_digit0_reg[3]_C/C is not reached by a timing clock
Related violations: <none>

TIMING-17#33 Warning
Non-clocked sequential cell  
The clock pin PROG_EXEC/num_clatire_sup/min_digit0_reg[3]_P/C is not reached by a timing clock
Related violations: <none>

TIMING-17#34 Warning
Non-clocked sequential cell  
The clock pin PROG_EXEC/num_clatire_sup/min_digit1_reg[0]_C/C is not reached by a timing clock
Related violations: <none>

TIMING-17#35 Warning
Non-clocked sequential cell  
The clock pin PROG_EXEC/num_clatire_sup/min_digit1_reg[0]_P/C is not reached by a timing clock
Related violations: <none>

TIMING-17#36 Warning
Non-clocked sequential cell  
The clock pin PROG_EXEC/num_clatire_sup/min_digit1_reg[1]_C/C is not reached by a timing clock
Related violations: <none>

TIMING-17#37 Warning
Non-clocked sequential cell  
The clock pin PROG_EXEC/num_clatire_sup/min_digit1_reg[1]_P/C is not reached by a timing clock
Related violations: <none>

TIMING-17#38 Warning
Non-clocked sequential cell  
The clock pin PROG_EXEC/num_clatire_sup/min_digit1_reg[2]_C/C is not reached by a timing clock
Related violations: <none>

TIMING-17#39 Warning
Non-clocked sequential cell  
The clock pin PROG_EXEC/num_clatire_sup/min_digit1_reg[2]_P/C is not reached by a timing clock
Related violations: <none>

TIMING-17#40 Warning
Non-clocked sequential cell  
The clock pin PROG_EXEC/num_clatire_sup/min_digit1_reg[3]/C is not reached by a timing clock
Related violations: <none>

TIMING-17#41 Warning
Non-clocked sequential cell  
The clock pin PROG_EXEC/num_evacuare/DONE_reg/C is not reached by a timing clock
Related violations: <none>

TIMING-17#42 Warning
Non-clocked sequential cell  
The clock pin PROG_EXEC/num_evacuare/hour_digit_reg[0]_C/C is not reached by a timing clock
Related violations: <none>

TIMING-17#43 Warning
Non-clocked sequential cell  
The clock pin PROG_EXEC/num_evacuare/hour_digit_reg[0]_P/C is not reached by a timing clock
Related violations: <none>

TIMING-17#44 Warning
Non-clocked sequential cell  
The clock pin PROG_EXEC/num_evacuare/hour_digit_reg[1]_C/C is not reached by a timing clock
Related violations: <none>

TIMING-17#45 Warning
Non-clocked sequential cell  
The clock pin PROG_EXEC/num_evacuare/hour_digit_reg[1]_P/C is not reached by a timing clock
Related violations: <none>

TIMING-17#46 Warning
Non-clocked sequential cell  
The clock pin PROG_EXEC/num_evacuare/min_digit0_reg[0]_C/C is not reached by a timing clock
Related violations: <none>

TIMING-17#47 Warning
Non-clocked sequential cell  
The clock pin PROG_EXEC/num_evacuare/min_digit0_reg[0]_P/C is not reached by a timing clock
Related violations: <none>

TIMING-17#48 Warning
Non-clocked sequential cell  
The clock pin PROG_EXEC/num_evacuare/min_digit0_reg[1]_C/C is not reached by a timing clock
Related violations: <none>

TIMING-17#49 Warning
Non-clocked sequential cell  
The clock pin PROG_EXEC/num_evacuare/min_digit0_reg[1]_P/C is not reached by a timing clock
Related violations: <none>

TIMING-17#50 Warning
Non-clocked sequential cell  
The clock pin PROG_EXEC/num_evacuare/min_digit0_reg[2]_C/C is not reached by a timing clock
Related violations: <none>

TIMING-17#51 Warning
Non-clocked sequential cell  
The clock pin PROG_EXEC/num_evacuare/min_digit0_reg[2]_P/C is not reached by a timing clock
Related violations: <none>

TIMING-17#52 Warning
Non-clocked sequential cell  
The clock pin PROG_EXEC/num_evacuare/min_digit0_reg[3]_C/C is not reached by a timing clock
Related violations: <none>

TIMING-17#53 Warning
Non-clocked sequential cell  
The clock pin PROG_EXEC/num_evacuare/min_digit0_reg[3]_P/C is not reached by a timing clock
Related violations: <none>

TIMING-17#54 Warning
Non-clocked sequential cell  
The clock pin PROG_EXEC/num_evacuare/min_digit1_reg[0]_C/C is not reached by a timing clock
Related violations: <none>

TIMING-17#55 Warning
Non-clocked sequential cell  
The clock pin PROG_EXEC/num_evacuare/min_digit1_reg[0]_P/C is not reached by a timing clock
Related violations: <none>

TIMING-17#56 Warning
Non-clocked sequential cell  
The clock pin PROG_EXEC/num_evacuare/min_digit1_reg[1]_C/C is not reached by a timing clock
Related violations: <none>

TIMING-17#57 Warning
Non-clocked sequential cell  
The clock pin PROG_EXEC/num_evacuare/min_digit1_reg[1]_P/C is not reached by a timing clock
Related violations: <none>

TIMING-17#58 Warning
Non-clocked sequential cell  
The clock pin PROG_EXEC/num_evacuare/min_digit1_reg[2]_C/C is not reached by a timing clock
Related violations: <none>

TIMING-17#59 Warning
Non-clocked sequential cell  
The clock pin PROG_EXEC/num_evacuare/min_digit1_reg[2]_P/C is not reached by a timing clock
Related violations: <none>

TIMING-17#60 Warning
Non-clocked sequential cell  
The clock pin PROG_EXEC/num_evacuare/min_digit1_reg[3]/C is not reached by a timing clock
Related violations: <none>

TIMING-17#61 Warning
Non-clocked sequential cell  
The clock pin PROG_EXEC/num_inmuiere/DONE_reg/C is not reached by a timing clock
Related violations: <none>

TIMING-17#62 Warning
Non-clocked sequential cell  
The clock pin PROG_EXEC/num_inmuiere/hour_digit_reg[0]_C/C is not reached by a timing clock
Related violations: <none>

TIMING-17#63 Warning
Non-clocked sequential cell  
The clock pin PROG_EXEC/num_inmuiere/hour_digit_reg[0]_P/C is not reached by a timing clock
Related violations: <none>

TIMING-17#64 Warning
Non-clocked sequential cell  
The clock pin PROG_EXEC/num_inmuiere/hour_digit_reg[1]_C/C is not reached by a timing clock
Related violations: <none>

TIMING-17#65 Warning
Non-clocked sequential cell  
The clock pin PROG_EXEC/num_inmuiere/hour_digit_reg[1]_P/C is not reached by a timing clock
Related violations: <none>

TIMING-17#66 Warning
Non-clocked sequential cell  
The clock pin PROG_EXEC/num_inmuiere/min_digit0_reg[0]_C/C is not reached by a timing clock
Related violations: <none>

TIMING-17#67 Warning
Non-clocked sequential cell  
The clock pin PROG_EXEC/num_inmuiere/min_digit0_reg[0]_P/C is not reached by a timing clock
Related violations: <none>

TIMING-17#68 Warning
Non-clocked sequential cell  
The clock pin PROG_EXEC/num_inmuiere/min_digit0_reg[1]_C/C is not reached by a timing clock
Related violations: <none>

TIMING-17#69 Warning
Non-clocked sequential cell  
The clock pin PROG_EXEC/num_inmuiere/min_digit0_reg[1]_P/C is not reached by a timing clock
Related violations: <none>

TIMING-17#70 Warning
Non-clocked sequential cell  
The clock pin PROG_EXEC/num_inmuiere/min_digit0_reg[2]_C/C is not reached by a timing clock
Related violations: <none>

TIMING-17#71 Warning
Non-clocked sequential cell  
The clock pin PROG_EXEC/num_inmuiere/min_digit0_reg[2]_P/C is not reached by a timing clock
Related violations: <none>

TIMING-17#72 Warning
Non-clocked sequential cell  
The clock pin PROG_EXEC/num_inmuiere/min_digit0_reg[3]_C/C is not reached by a timing clock
Related violations: <none>

TIMING-17#73 Warning
Non-clocked sequential cell  
The clock pin PROG_EXEC/num_inmuiere/min_digit0_reg[3]_P/C is not reached by a timing clock
Related violations: <none>

TIMING-17#74 Warning
Non-clocked sequential cell  
The clock pin PROG_EXEC/num_inmuiere/min_digit1_reg[0]_C/C is not reached by a timing clock
Related violations: <none>

TIMING-17#75 Warning
Non-clocked sequential cell  
The clock pin PROG_EXEC/num_inmuiere/min_digit1_reg[0]_P/C is not reached by a timing clock
Related violations: <none>

TIMING-17#76 Warning
Non-clocked sequential cell  
The clock pin PROG_EXEC/num_inmuiere/min_digit1_reg[1]_C/C is not reached by a timing clock
Related violations: <none>

TIMING-17#77 Warning
Non-clocked sequential cell  
The clock pin PROG_EXEC/num_inmuiere/min_digit1_reg[1]_P/C is not reached by a timing clock
Related violations: <none>

TIMING-17#78 Warning
Non-clocked sequential cell  
The clock pin PROG_EXEC/num_inmuiere/min_digit1_reg[2]_C/C is not reached by a timing clock
Related violations: <none>

TIMING-17#79 Warning
Non-clocked sequential cell  
The clock pin PROG_EXEC/num_inmuiere/min_digit1_reg[2]_P/C is not reached by a timing clock
Related violations: <none>

TIMING-17#80 Warning
Non-clocked sequential cell  
The clock pin PROG_EXEC/num_inmuiere/min_digit1_reg[3]/C is not reached by a timing clock
Related violations: <none>

TIMING-17#81 Warning
Non-clocked sequential cell  
The clock pin PROG_EXEC/num_spalare_prin/DONE_reg/C is not reached by a timing clock
Related violations: <none>

TIMING-17#82 Warning
Non-clocked sequential cell  
The clock pin PROG_EXEC/num_spalare_prin/hour_digit_reg[0]_C/C is not reached by a timing clock
Related violations: <none>

TIMING-17#83 Warning
Non-clocked sequential cell  
The clock pin PROG_EXEC/num_spalare_prin/hour_digit_reg[0]_P/C is not reached by a timing clock
Related violations: <none>

TIMING-17#84 Warning
Non-clocked sequential cell  
The clock pin PROG_EXEC/num_spalare_prin/hour_digit_reg[1]_C/C is not reached by a timing clock
Related violations: <none>

TIMING-17#85 Warning
Non-clocked sequential cell  
The clock pin PROG_EXEC/num_spalare_prin/hour_digit_reg[1]_P/C is not reached by a timing clock
Related violations: <none>

TIMING-17#86 Warning
Non-clocked sequential cell  
The clock pin PROG_EXEC/num_spalare_prin/min_digit0_reg[0]_C/C is not reached by a timing clock
Related violations: <none>

TIMING-17#87 Warning
Non-clocked sequential cell  
The clock pin PROG_EXEC/num_spalare_prin/min_digit0_reg[0]_P/C is not reached by a timing clock
Related violations: <none>

TIMING-17#88 Warning
Non-clocked sequential cell  
The clock pin PROG_EXEC/num_spalare_prin/min_digit0_reg[1]_C/C is not reached by a timing clock
Related violations: <none>

TIMING-17#89 Warning
Non-clocked sequential cell  
The clock pin PROG_EXEC/num_spalare_prin/min_digit0_reg[1]_P/C is not reached by a timing clock
Related violations: <none>

TIMING-17#90 Warning
Non-clocked sequential cell  
The clock pin PROG_EXEC/num_spalare_prin/min_digit0_reg[2]_C/C is not reached by a timing clock
Related violations: <none>

TIMING-17#91 Warning
Non-clocked sequential cell  
The clock pin PROG_EXEC/num_spalare_prin/min_digit0_reg[2]_P/C is not reached by a timing clock
Related violations: <none>

TIMING-17#92 Warning
Non-clocked sequential cell  
The clock pin PROG_EXEC/num_spalare_prin/min_digit0_reg[3]_C/C is not reached by a timing clock
Related violations: <none>

TIMING-17#93 Warning
Non-clocked sequential cell  
The clock pin PROG_EXEC/num_spalare_prin/min_digit0_reg[3]_P/C is not reached by a timing clock
Related violations: <none>

TIMING-17#94 Warning
Non-clocked sequential cell  
The clock pin PROG_EXEC/num_spalare_prin/min_digit1_reg[0]_C/C is not reached by a timing clock
Related violations: <none>

TIMING-17#95 Warning
Non-clocked sequential cell  
The clock pin PROG_EXEC/num_spalare_prin/min_digit1_reg[0]_P/C is not reached by a timing clock
Related violations: <none>

TIMING-17#96 Warning
Non-clocked sequential cell  
The clock pin PROG_EXEC/num_spalare_prin/min_digit1_reg[1]_C/C is not reached by a timing clock
Related violations: <none>

TIMING-17#97 Warning
Non-clocked sequential cell  
The clock pin PROG_EXEC/num_spalare_prin/min_digit1_reg[1]_P/C is not reached by a timing clock
Related violations: <none>

TIMING-17#98 Warning
Non-clocked sequential cell  
The clock pin PROG_EXEC/num_spalare_prin/min_digit1_reg[2]_C/C is not reached by a timing clock
Related violations: <none>

TIMING-17#99 Warning
Non-clocked sequential cell  
The clock pin PROG_EXEC/num_spalare_prin/min_digit1_reg[2]_P/C is not reached by a timing clock
Related violations: <none>

TIMING-17#100 Warning
Non-clocked sequential cell  
The clock pin PROG_EXEC/num_spalare_prin/min_digit1_reg[3]/C is not reached by a timing clock
Related violations: <none>

TIMING-17#101 Warning
Non-clocked sequential cell  
The clock pin PROG_EXEC/num_uscare/DONE_reg/C is not reached by a timing clock
Related violations: <none>

TIMING-17#102 Warning
Non-clocked sequential cell  
The clock pin PROG_EXEC/num_uscare/hour_digit_reg[0]_C/C is not reached by a timing clock
Related violations: <none>

TIMING-17#103 Warning
Non-clocked sequential cell  
The clock pin PROG_EXEC/num_uscare/hour_digit_reg[0]_P/C is not reached by a timing clock
Related violations: <none>

TIMING-17#104 Warning
Non-clocked sequential cell  
The clock pin PROG_EXEC/num_uscare/hour_digit_reg[1]_C/C is not reached by a timing clock
Related violations: <none>

TIMING-17#105 Warning
Non-clocked sequential cell  
The clock pin PROG_EXEC/num_uscare/hour_digit_reg[1]_P/C is not reached by a timing clock
Related violations: <none>

TIMING-17#106 Warning
Non-clocked sequential cell  
The clock pin PROG_EXEC/num_uscare/min_digit0_reg[0]_C/C is not reached by a timing clock
Related violations: <none>

TIMING-17#107 Warning
Non-clocked sequential cell  
The clock pin PROG_EXEC/num_uscare/min_digit0_reg[0]_P/C is not reached by a timing clock
Related violations: <none>

TIMING-17#108 Warning
Non-clocked sequential cell  
The clock pin PROG_EXEC/num_uscare/min_digit0_reg[1]_C/C is not reached by a timing clock
Related violations: <none>

TIMING-17#109 Warning
Non-clocked sequential cell  
The clock pin PROG_EXEC/num_uscare/min_digit0_reg[1]_P/C is not reached by a timing clock
Related violations: <none>

TIMING-17#110 Warning
Non-clocked sequential cell  
The clock pin PROG_EXEC/num_uscare/min_digit0_reg[2]_C/C is not reached by a timing clock
Related violations: <none>

TIMING-17#111 Warning
Non-clocked sequential cell  
The clock pin PROG_EXEC/num_uscare/min_digit0_reg[2]_P/C is not reached by a timing clock
Related violations: <none>

TIMING-17#112 Warning
Non-clocked sequential cell  
The clock pin PROG_EXEC/num_uscare/min_digit0_reg[3]_C/C is not reached by a timing clock
Related violations: <none>

TIMING-17#113 Warning
Non-clocked sequential cell  
The clock pin PROG_EXEC/num_uscare/min_digit0_reg[3]_P/C is not reached by a timing clock
Related violations: <none>

TIMING-17#114 Warning
Non-clocked sequential cell  
The clock pin PROG_EXEC/num_uscare/min_digit1_reg[0]_C/C is not reached by a timing clock
Related violations: <none>

TIMING-17#115 Warning
Non-clocked sequential cell  
The clock pin PROG_EXEC/num_uscare/min_digit1_reg[0]_P/C is not reached by a timing clock
Related violations: <none>

TIMING-17#116 Warning
Non-clocked sequential cell  
The clock pin PROG_EXEC/num_uscare/min_digit1_reg[1]_C/C is not reached by a timing clock
Related violations: <none>

TIMING-17#117 Warning
Non-clocked sequential cell  
The clock pin PROG_EXEC/num_uscare/min_digit1_reg[1]_P/C is not reached by a timing clock
Related violations: <none>

TIMING-17#118 Warning
Non-clocked sequential cell  
The clock pin PROG_EXEC/num_uscare/min_digit1_reg[2]_C/C is not reached by a timing clock
Related violations: <none>

TIMING-17#119 Warning
Non-clocked sequential cell  
The clock pin PROG_EXEC/num_uscare/min_digit1_reg[2]_P/C is not reached by a timing clock
Related violations: <none>

TIMING-17#120 Warning
Non-clocked sequential cell  
The clock pin PROG_EXEC/num_uscare/min_digit1_reg[3]/C is not reached by a timing clock
Related violations: <none>

TIMING-17#121 Warning
Non-clocked sequential cell  
The clock pin Timp_num/DONE_reg/C is not reached by a timing clock
Related violations: <none>

TIMING-17#122 Warning
Non-clocked sequential cell  
The clock pin Timp_num/done_sig_reg/C is not reached by a timing clock
Related violations: <none>

TIMING-17#123 Warning
Non-clocked sequential cell  
The clock pin Timp_num/hour_digit_reg[0]_C/C is not reached by a timing clock
Related violations: <none>

TIMING-17#124 Warning
Non-clocked sequential cell  
The clock pin Timp_num/hour_digit_reg[0]_P/C is not reached by a timing clock
Related violations: <none>

TIMING-17#125 Warning
Non-clocked sequential cell  
The clock pin Timp_num/hour_digit_reg[1]_C/C is not reached by a timing clock
Related violations: <none>

TIMING-17#126 Warning
Non-clocked sequential cell  
The clock pin Timp_num/hour_digit_reg[1]_P/C is not reached by a timing clock
Related violations: <none>

TIMING-17#127 Warning
Non-clocked sequential cell  
The clock pin Timp_num/min_digit0_reg[0]_C/C is not reached by a timing clock
Related violations: <none>

TIMING-17#128 Warning
Non-clocked sequential cell  
The clock pin Timp_num/min_digit0_reg[0]_P/C is not reached by a timing clock
Related violations: <none>

TIMING-17#129 Warning
Non-clocked sequential cell  
The clock pin Timp_num/min_digit0_reg[1]_C/C is not reached by a timing clock
Related violations: <none>

TIMING-17#130 Warning
Non-clocked sequential cell  
The clock pin Timp_num/min_digit0_reg[1]_P/C is not reached by a timing clock
Related violations: <none>

TIMING-17#131 Warning
Non-clocked sequential cell  
The clock pin Timp_num/min_digit0_reg[2]_C/C is not reached by a timing clock
Related violations: <none>

TIMING-17#132 Warning
Non-clocked sequential cell  
The clock pin Timp_num/min_digit0_reg[2]_P/C is not reached by a timing clock
Related violations: <none>

TIMING-17#133 Warning
Non-clocked sequential cell  
The clock pin Timp_num/min_digit0_reg[3]/C is not reached by a timing clock
Related violations: <none>

TIMING-17#134 Warning
Non-clocked sequential cell  
The clock pin Timp_num/min_digit1_reg[0]_C/C is not reached by a timing clock
Related violations: <none>

TIMING-17#135 Warning
Non-clocked sequential cell  
The clock pin Timp_num/min_digit1_reg[0]_P/C is not reached by a timing clock
Related violations: <none>

TIMING-17#136 Warning
Non-clocked sequential cell  
The clock pin Timp_num/min_digit1_reg[1]_C/C is not reached by a timing clock
Related violations: <none>

TIMING-17#137 Warning
Non-clocked sequential cell  
The clock pin Timp_num/min_digit1_reg[1]_P/C is not reached by a timing clock
Related violations: <none>

TIMING-17#138 Warning
Non-clocked sequential cell  
The clock pin Timp_num/min_digit1_reg[2]_C/C is not reached by a timing clock
Related violations: <none>

TIMING-17#139 Warning
Non-clocked sequential cell  
The clock pin Timp_num/min_digit1_reg[2]_P/C is not reached by a timing clock
Related violations: <none>

TIMING-17#140 Warning
Non-clocked sequential cell  
The clock pin Timp_num/min_digit1_reg[3]/C is not reached by a timing clock
Related violations: <none>

TIMING-18#1 Warning
Missing input or output delay  
An input delay is missing on DOOR relative to clock(s) sys_clk_pin
Related violations: <none>

TIMING-18#2 Warning
Missing input or output delay  
An input delay is missing on RESET relative to clock(s) sys_clk_pin
Related violations: <none>

TIMING-18#3 Warning
Missing input or output delay  
An output delay is missing on AN[0] relative to clock(s) sys_clk_pin
Related violations: <none>

TIMING-18#4 Warning
Missing input or output delay  
An output delay is missing on AN[1] relative to clock(s) sys_clk_pin
Related violations: <none>

TIMING-18#5 Warning
Missing input or output delay  
An output delay is missing on AN[2] relative to clock(s) sys_clk_pin
Related violations: <none>

TIMING-18#6 Warning
Missing input or output delay  
An output delay is missing on AN[3] relative to clock(s) sys_clk_pin
Related violations: <none>

TIMING-18#7 Warning
Missing input or output delay  
An output delay is missing on CAT[0] relative to clock(s) sys_clk_pin
Related violations: <none>

TIMING-18#8 Warning
Missing input or output delay  
An output delay is missing on CAT[1] relative to clock(s) sys_clk_pin
Related violations: <none>

TIMING-18#9 Warning
Missing input or output delay  
An output delay is missing on CAT[2] relative to clock(s) sys_clk_pin
Related violations: <none>

TIMING-18#10 Warning
Missing input or output delay  
An output delay is missing on CAT[3] relative to clock(s) sys_clk_pin
Related violations: <none>

TIMING-18#11 Warning
Missing input or output delay  
An output delay is missing on CAT[4] relative to clock(s) sys_clk_pin
Related violations: <none>

TIMING-18#12 Warning
Missing input or output delay  
An output delay is missing on CAT[5] relative to clock(s) sys_clk_pin
Related violations: <none>

TIMING-18#13 Warning
Missing input or output delay  
An output delay is missing on CAT[6] relative to clock(s) sys_clk_pin
Related violations: <none>

TIMING-20#1 Warning
Non-clocked latch  
The latch FSM_onehot_stare_urmatoare_reg[0] cannot be properly analyzed as its control pin FSM_onehot_stare_urmatoare_reg[0]/G is not reached by a timing clock
Related violations: <none>

TIMING-20#2 Warning
Non-clocked latch  
The latch FSM_onehot_stare_urmatoare_reg[1] cannot be properly analyzed as its control pin FSM_onehot_stare_urmatoare_reg[1]/G is not reached by a timing clock
Related violations: <none>

TIMING-20#3 Warning
Non-clocked latch  
The latch FSM_onehot_stare_urmatoare_reg[2] cannot be properly analyzed as its control pin FSM_onehot_stare_urmatoare_reg[2]/G is not reached by a timing clock
Related violations: <none>

TIMING-20#4 Warning
Non-clocked latch  
The latch FSM_onehot_stare_urmatoare_reg[3] cannot be properly analyzed as its control pin FSM_onehot_stare_urmatoare_reg[3]/G is not reached by a timing clock
Related violations: <none>

TIMING-20#5 Warning
Non-clocked latch  
The latch PROG_EXEC/num_clatire/hour_digit_reg[0]_LDC cannot be properly analyzed as its control pin PROG_EXEC/num_clatire/hour_digit_reg[0]_LDC/G is not reached by a timing clock
Related violations: <none>

TIMING-20#6 Warning
Non-clocked latch  
The latch PROG_EXEC/num_clatire/hour_digit_reg[1]_LDC cannot be properly analyzed as its control pin PROG_EXEC/num_clatire/hour_digit_reg[1]_LDC/G is not reached by a timing clock
Related violations: <none>

TIMING-20#7 Warning
Non-clocked latch  
The latch PROG_EXEC/num_clatire/min_digit0_reg[0]_LDC cannot be properly analyzed as its control pin PROG_EXEC/num_clatire/min_digit0_reg[0]_LDC/G is not reached by a timing clock
Related violations: <none>

TIMING-20#8 Warning
Non-clocked latch  
The latch PROG_EXEC/num_clatire/min_digit0_reg[1]_LDC cannot be properly analyzed as its control pin PROG_EXEC/num_clatire/min_digit0_reg[1]_LDC/G is not reached by a timing clock
Related violations: <none>

TIMING-20#9 Warning
Non-clocked latch  
The latch PROG_EXEC/num_clatire/min_digit0_reg[2]_LDC cannot be properly analyzed as its control pin PROG_EXEC/num_clatire/min_digit0_reg[2]_LDC/G is not reached by a timing clock
Related violations: <none>

TIMING-20#10 Warning
Non-clocked latch  
The latch PROG_EXEC/num_clatire/min_digit0_reg[3]_LDC cannot be properly analyzed as its control pin PROG_EXEC/num_clatire/min_digit0_reg[3]_LDC/G is not reached by a timing clock
Related violations: <none>

TIMING-20#11 Warning
Non-clocked latch  
The latch PROG_EXEC/num_clatire/min_digit1_reg[0]_LDC cannot be properly analyzed as its control pin PROG_EXEC/num_clatire/min_digit1_reg[0]_LDC/G is not reached by a timing clock
Related violations: <none>

TIMING-20#12 Warning
Non-clocked latch  
The latch PROG_EXEC/num_clatire/min_digit1_reg[1]_LDC cannot be properly analyzed as its control pin PROG_EXEC/num_clatire/min_digit1_reg[1]_LDC/G is not reached by a timing clock
Related violations: <none>

TIMING-20#13 Warning
Non-clocked latch  
The latch PROG_EXEC/num_clatire/min_digit1_reg[2]_LDC cannot be properly analyzed as its control pin PROG_EXEC/num_clatire/min_digit1_reg[2]_LDC/G is not reached by a timing clock
Related violations: <none>

TIMING-20#14 Warning
Non-clocked latch  
The latch PROG_EXEC/num_clatire_sup/hour_digit_reg[0]_LDC cannot be properly analyzed as its control pin PROG_EXEC/num_clatire_sup/hour_digit_reg[0]_LDC/G is not reached by a timing clock
Related violations: <none>

TIMING-20#15 Warning
Non-clocked latch  
The latch PROG_EXEC/num_clatire_sup/hour_digit_reg[1]_LDC cannot be properly analyzed as its control pin PROG_EXEC/num_clatire_sup/hour_digit_reg[1]_LDC/G is not reached by a timing clock
Related violations: <none>

TIMING-20#16 Warning
Non-clocked latch  
The latch PROG_EXEC/num_clatire_sup/min_digit0_reg[0]_LDC cannot be properly analyzed as its control pin PROG_EXEC/num_clatire_sup/min_digit0_reg[0]_LDC/G is not reached by a timing clock
Related violations: <none>

TIMING-20#17 Warning
Non-clocked latch  
The latch PROG_EXEC/num_clatire_sup/min_digit0_reg[1]_LDC cannot be properly analyzed as its control pin PROG_EXEC/num_clatire_sup/min_digit0_reg[1]_LDC/G is not reached by a timing clock
Related violations: <none>

TIMING-20#18 Warning
Non-clocked latch  
The latch PROG_EXEC/num_clatire_sup/min_digit0_reg[2]_LDC cannot be properly analyzed as its control pin PROG_EXEC/num_clatire_sup/min_digit0_reg[2]_LDC/G is not reached by a timing clock
Related violations: <none>

TIMING-20#19 Warning
Non-clocked latch  
The latch PROG_EXEC/num_clatire_sup/min_digit0_reg[3]_LDC cannot be properly analyzed as its control pin PROG_EXEC/num_clatire_sup/min_digit0_reg[3]_LDC/G is not reached by a timing clock
Related violations: <none>

TIMING-20#20 Warning
Non-clocked latch  
The latch PROG_EXEC/num_clatire_sup/min_digit1_reg[0]_LDC cannot be properly analyzed as its control pin PROG_EXEC/num_clatire_sup/min_digit1_reg[0]_LDC/G is not reached by a timing clock
Related violations: <none>

TIMING-20#21 Warning
Non-clocked latch  
The latch PROG_EXEC/num_clatire_sup/min_digit1_reg[1]_LDC cannot be properly analyzed as its control pin PROG_EXEC/num_clatire_sup/min_digit1_reg[1]_LDC/G is not reached by a timing clock
Related violations: <none>

TIMING-20#22 Warning
Non-clocked latch  
The latch PROG_EXEC/num_clatire_sup/min_digit1_reg[2]_LDC cannot be properly analyzed as its control pin PROG_EXEC/num_clatire_sup/min_digit1_reg[2]_LDC/G is not reached by a timing clock
Related violations: <none>

TIMING-20#23 Warning
Non-clocked latch  
The latch PROG_EXEC/num_evacuare/hour_digit_reg[0]_LDC cannot be properly analyzed as its control pin PROG_EXEC/num_evacuare/hour_digit_reg[0]_LDC/G is not reached by a timing clock
Related violations: <none>

TIMING-20#24 Warning
Non-clocked latch  
The latch PROG_EXEC/num_evacuare/hour_digit_reg[1]_LDC cannot be properly analyzed as its control pin PROG_EXEC/num_evacuare/hour_digit_reg[1]_LDC/G is not reached by a timing clock
Related violations: <none>

TIMING-20#25 Warning
Non-clocked latch  
The latch PROG_EXEC/num_evacuare/min_digit0_reg[0]_LDC cannot be properly analyzed as its control pin PROG_EXEC/num_evacuare/min_digit0_reg[0]_LDC/G is not reached by a timing clock
Related violations: <none>

TIMING-20#26 Warning
Non-clocked latch  
The latch PROG_EXEC/num_evacuare/min_digit0_reg[1]_LDC cannot be properly analyzed as its control pin PROG_EXEC/num_evacuare/min_digit0_reg[1]_LDC/G is not reached by a timing clock
Related violations: <none>

TIMING-20#27 Warning
Non-clocked latch  
The latch PROG_EXEC/num_evacuare/min_digit0_reg[2]_LDC cannot be properly analyzed as its control pin PROG_EXEC/num_evacuare/min_digit0_reg[2]_LDC/G is not reached by a timing clock
Related violations: <none>

TIMING-20#28 Warning
Non-clocked latch  
The latch PROG_EXEC/num_evacuare/min_digit0_reg[3]_LDC cannot be properly analyzed as its control pin PROG_EXEC/num_evacuare/min_digit0_reg[3]_LDC/G is not reached by a timing clock
Related violations: <none>

TIMING-20#29 Warning
Non-clocked latch  
The latch PROG_EXEC/num_evacuare/min_digit1_reg[0]_LDC cannot be properly analyzed as its control pin PROG_EXEC/num_evacuare/min_digit1_reg[0]_LDC/G is not reached by a timing clock
Related violations: <none>

TIMING-20#30 Warning
Non-clocked latch  
The latch PROG_EXEC/num_evacuare/min_digit1_reg[1]_LDC cannot be properly analyzed as its control pin PROG_EXEC/num_evacuare/min_digit1_reg[1]_LDC/G is not reached by a timing clock
Related violations: <none>

TIMING-20#31 Warning
Non-clocked latch  
The latch PROG_EXEC/num_evacuare/min_digit1_reg[2]_LDC cannot be properly analyzed as its control pin PROG_EXEC/num_evacuare/min_digit1_reg[2]_LDC/G is not reached by a timing clock
Related violations: <none>

TIMING-20#32 Warning
Non-clocked latch  
The latch PROG_EXEC/num_inmuiere/hour_digit_reg[0]_LDC cannot be properly analyzed as its control pin PROG_EXEC/num_inmuiere/hour_digit_reg[0]_LDC/G is not reached by a timing clock
Related violations: <none>

TIMING-20#33 Warning
Non-clocked latch  
The latch PROG_EXEC/num_inmuiere/hour_digit_reg[1]_LDC cannot be properly analyzed as its control pin PROG_EXEC/num_inmuiere/hour_digit_reg[1]_LDC/G is not reached by a timing clock
Related violations: <none>

TIMING-20#34 Warning
Non-clocked latch  
The latch PROG_EXEC/num_inmuiere/min_digit0_reg[0]_LDC cannot be properly analyzed as its control pin PROG_EXEC/num_inmuiere/min_digit0_reg[0]_LDC/G is not reached by a timing clock
Related violations: <none>

TIMING-20#35 Warning
Non-clocked latch  
The latch PROG_EXEC/num_inmuiere/min_digit0_reg[1]_LDC cannot be properly analyzed as its control pin PROG_EXEC/num_inmuiere/min_digit0_reg[1]_LDC/G is not reached by a timing clock
Related violations: <none>

TIMING-20#36 Warning
Non-clocked latch  
The latch PROG_EXEC/num_inmuiere/min_digit0_reg[2]_LDC cannot be properly analyzed as its control pin PROG_EXEC/num_inmuiere/min_digit0_reg[2]_LDC/G is not reached by a timing clock
Related violations: <none>

TIMING-20#37 Warning
Non-clocked latch  
The latch PROG_EXEC/num_inmuiere/min_digit0_reg[3]_LDC cannot be properly analyzed as its control pin PROG_EXEC/num_inmuiere/min_digit0_reg[3]_LDC/G is not reached by a timing clock
Related violations: <none>

TIMING-20#38 Warning
Non-clocked latch  
The latch PROG_EXEC/num_inmuiere/min_digit1_reg[0]_LDC cannot be properly analyzed as its control pin PROG_EXEC/num_inmuiere/min_digit1_reg[0]_LDC/G is not reached by a timing clock
Related violations: <none>

TIMING-20#39 Warning
Non-clocked latch  
The latch PROG_EXEC/num_inmuiere/min_digit1_reg[1]_LDC cannot be properly analyzed as its control pin PROG_EXEC/num_inmuiere/min_digit1_reg[1]_LDC/G is not reached by a timing clock
Related violations: <none>

TIMING-20#40 Warning
Non-clocked latch  
The latch PROG_EXEC/num_inmuiere/min_digit1_reg[2]_LDC cannot be properly analyzed as its control pin PROG_EXEC/num_inmuiere/min_digit1_reg[2]_LDC/G is not reached by a timing clock
Related violations: <none>

TIMING-20#41 Warning
Non-clocked latch  
The latch PROG_EXEC/num_spalare_prin/hour_digit_reg[0]_LDC cannot be properly analyzed as its control pin PROG_EXEC/num_spalare_prin/hour_digit_reg[0]_LDC/G is not reached by a timing clock
Related violations: <none>

TIMING-20#42 Warning
Non-clocked latch  
The latch PROG_EXEC/num_spalare_prin/hour_digit_reg[1]_LDC cannot be properly analyzed as its control pin PROG_EXEC/num_spalare_prin/hour_digit_reg[1]_LDC/G is not reached by a timing clock
Related violations: <none>

TIMING-20#43 Warning
Non-clocked latch  
The latch PROG_EXEC/num_spalare_prin/min_digit0_reg[0]_LDC cannot be properly analyzed as its control pin PROG_EXEC/num_spalare_prin/min_digit0_reg[0]_LDC/G is not reached by a timing clock
Related violations: <none>

TIMING-20#44 Warning
Non-clocked latch  
The latch PROG_EXEC/num_spalare_prin/min_digit0_reg[1]_LDC cannot be properly analyzed as its control pin PROG_EXEC/num_spalare_prin/min_digit0_reg[1]_LDC/G is not reached by a timing clock
Related violations: <none>

TIMING-20#45 Warning
Non-clocked latch  
The latch PROG_EXEC/num_spalare_prin/min_digit0_reg[2]_LDC cannot be properly analyzed as its control pin PROG_EXEC/num_spalare_prin/min_digit0_reg[2]_LDC/G is not reached by a timing clock
Related violations: <none>

TIMING-20#46 Warning
Non-clocked latch  
The latch PROG_EXEC/num_spalare_prin/min_digit0_reg[3]_LDC cannot be properly analyzed as its control pin PROG_EXEC/num_spalare_prin/min_digit0_reg[3]_LDC/G is not reached by a timing clock
Related violations: <none>

TIMING-20#47 Warning
Non-clocked latch  
The latch PROG_EXEC/num_spalare_prin/min_digit1_reg[0]_LDC cannot be properly analyzed as its control pin PROG_EXEC/num_spalare_prin/min_digit1_reg[0]_LDC/G is not reached by a timing clock
Related violations: <none>

TIMING-20#48 Warning
Non-clocked latch  
The latch PROG_EXEC/num_spalare_prin/min_digit1_reg[1]_LDC cannot be properly analyzed as its control pin PROG_EXEC/num_spalare_prin/min_digit1_reg[1]_LDC/G is not reached by a timing clock
Related violations: <none>

TIMING-20#49 Warning
Non-clocked latch  
The latch PROG_EXEC/num_spalare_prin/min_digit1_reg[2]_LDC cannot be properly analyzed as its control pin PROG_EXEC/num_spalare_prin/min_digit1_reg[2]_LDC/G is not reached by a timing clock
Related violations: <none>

TIMING-20#50 Warning
Non-clocked latch  
The latch PROG_EXEC/num_uscare/hour_digit_reg[0]_LDC cannot be properly analyzed as its control pin PROG_EXEC/num_uscare/hour_digit_reg[0]_LDC/G is not reached by a timing clock
Related violations: <none>

TIMING-20#51 Warning
Non-clocked latch  
The latch PROG_EXEC/num_uscare/hour_digit_reg[1]_LDC cannot be properly analyzed as its control pin PROG_EXEC/num_uscare/hour_digit_reg[1]_LDC/G is not reached by a timing clock
Related violations: <none>

TIMING-20#52 Warning
Non-clocked latch  
The latch PROG_EXEC/num_uscare/min_digit0_reg[0]_LDC cannot be properly analyzed as its control pin PROG_EXEC/num_uscare/min_digit0_reg[0]_LDC/G is not reached by a timing clock
Related violations: <none>

TIMING-20#53 Warning
Non-clocked latch  
The latch PROG_EXEC/num_uscare/min_digit0_reg[1]_LDC cannot be properly analyzed as its control pin PROG_EXEC/num_uscare/min_digit0_reg[1]_LDC/G is not reached by a timing clock
Related violations: <none>

TIMING-20#54 Warning
Non-clocked latch  
The latch PROG_EXEC/num_uscare/min_digit0_reg[2]_LDC cannot be properly analyzed as its control pin PROG_EXEC/num_uscare/min_digit0_reg[2]_LDC/G is not reached by a timing clock
Related violations: <none>

TIMING-20#55 Warning
Non-clocked latch  
The latch PROG_EXEC/num_uscare/min_digit0_reg[3]_LDC cannot be properly analyzed as its control pin PROG_EXEC/num_uscare/min_digit0_reg[3]_LDC/G is not reached by a timing clock
Related violations: <none>

TIMING-20#56 Warning
Non-clocked latch  
The latch PROG_EXEC/num_uscare/min_digit1_reg[0]_LDC cannot be properly analyzed as its control pin PROG_EXEC/num_uscare/min_digit1_reg[0]_LDC/G is not reached by a timing clock
Related violations: <none>

TIMING-20#57 Warning
Non-clocked latch  
The latch PROG_EXEC/num_uscare/min_digit1_reg[1]_LDC cannot be properly analyzed as its control pin PROG_EXEC/num_uscare/min_digit1_reg[1]_LDC/G is not reached by a timing clock
Related violations: <none>

TIMING-20#58 Warning
Non-clocked latch  
The latch PROG_EXEC/num_uscare/min_digit1_reg[2]_LDC cannot be properly analyzed as its control pin PROG_EXEC/num_uscare/min_digit1_reg[2]_LDC/G is not reached by a timing clock
Related violations: <none>

TIMING-20#59 Warning
Non-clocked latch  
The latch PROG_EXEC/stare_urmatoare_reg[0] cannot be properly analyzed as its control pin PROG_EXEC/stare_urmatoare_reg[0]/G is not reached by a timing clock
Related violations: <none>

TIMING-20#60 Warning
Non-clocked latch  
The latch PROG_EXEC/stare_urmatoare_reg[1] cannot be properly analyzed as its control pin PROG_EXEC/stare_urmatoare_reg[1]/G is not reached by a timing clock
Related violations: <none>

TIMING-20#61 Warning
Non-clocked latch  
The latch PROG_EXEC/stare_urmatoare_reg[2] cannot be properly analyzed as its control pin PROG_EXEC/stare_urmatoare_reg[2]/G is not reached by a timing clock
Related violations: <none>

TIMING-20#62 Warning
Non-clocked latch  
The latch PROG_EXEC/terminare_prog_reg cannot be properly analyzed as its control pin PROG_EXEC/terminare_prog_reg/G is not reached by a timing clock
Related violations: <none>

TIMING-20#63 Warning
Non-clocked latch  
The latch PROG_EXEC/timp_reg[0] cannot be properly analyzed as its control pin PROG_EXEC/timp_reg[0]/G is not reached by a timing clock
Related violations: <none>

TIMING-20#64 Warning
Non-clocked latch  
The latch PROG_EXEC/timp_reg[1] cannot be properly analyzed as its control pin PROG_EXEC/timp_reg[1]/G is not reached by a timing clock
Related violations: <none>

TIMING-20#65 Warning
Non-clocked latch  
The latch PROG_EXEC/timp_reg[2] cannot be properly analyzed as its control pin PROG_EXEC/timp_reg[2]/G is not reached by a timing clock
Related violations: <none>

TIMING-20#66 Warning
Non-clocked latch  
The latch PROG_EXEC/timp_reg[3] cannot be properly analyzed as its control pin PROG_EXEC/timp_reg[3]/G is not reached by a timing clock
Related violations: <none>

TIMING-20#67 Warning
Non-clocked latch  
The latch PROG_EXEC/timp_reg[4] cannot be properly analyzed as its control pin PROG_EXEC/timp_reg[4]/G is not reached by a timing clock
Related violations: <none>

TIMING-20#68 Warning
Non-clocked latch  
The latch PROG_EXEC/timp_reg[5] cannot be properly analyzed as its control pin PROG_EXEC/timp_reg[5]/G is not reached by a timing clock
Related violations: <none>

TIMING-20#69 Warning
Non-clocked latch  
The latch PROG_EXEC/timp_reg[6] cannot be properly analyzed as its control pin PROG_EXEC/timp_reg[6]/G is not reached by a timing clock
Related violations: <none>

TIMING-20#70 Warning
Non-clocked latch  
The latch PROG_EXEC/timp_reg[9] cannot be properly analyzed as its control pin PROG_EXEC/timp_reg[9]/G is not reached by a timing clock
Related violations: <none>

TIMING-20#71 Warning
Non-clocked latch  
The latch SET_reg[0] cannot be properly analyzed as its control pin SET_reg[0]/G is not reached by a timing clock
Related violations: <none>

TIMING-20#72 Warning
Non-clocked latch  
The latch SET_reg[2] cannot be properly analyzed as its control pin SET_reg[2]/G is not reached by a timing clock
Related violations: <none>

TIMING-20#73 Warning
Non-clocked latch  
The latch SET_reg[3] cannot be properly analyzed as its control pin SET_reg[3]/G is not reached by a timing clock
Related violations: <none>

TIMING-20#74 Warning
Non-clocked latch  
The latch SET_reg[4] cannot be properly analyzed as its control pin SET_reg[4]/G is not reached by a timing clock
Related violations: <none>

TIMING-20#75 Warning
Non-clocked latch  
The latch TIMP_reg[0] cannot be properly analyzed as its control pin TIMP_reg[0]/G is not reached by a timing clock
Related violations: <none>

TIMING-20#76 Warning
Non-clocked latch  
The latch TIMP_reg[1] cannot be properly analyzed as its control pin TIMP_reg[1]/G is not reached by a timing clock
Related violations: <none>

TIMING-20#77 Warning
Non-clocked latch  
The latch TIMP_reg[2] cannot be properly analyzed as its control pin TIMP_reg[2]/G is not reached by a timing clock
Related violations: <none>

TIMING-20#78 Warning
Non-clocked latch  
The latch TIMP_reg[4] cannot be properly analyzed as its control pin TIMP_reg[4]/G is not reached by a timing clock
Related violations: <none>

TIMING-20#79 Warning
Non-clocked latch  
The latch TIMP_reg[5] cannot be properly analyzed as its control pin TIMP_reg[5]/G is not reached by a timing clock
Related violations: <none>

TIMING-20#80 Warning
Non-clocked latch  
The latch TIMP_reg[6] cannot be properly analyzed as its control pin TIMP_reg[6]/G is not reached by a timing clock
Related violations: <none>

TIMING-20#81 Warning
Non-clocked latch  
The latch TIMP_reg[8] cannot be properly analyzed as its control pin TIMP_reg[8]/G is not reached by a timing clock
Related violations: <none>

TIMING-20#82 Warning
Non-clocked latch  
The latch TIMP_reg[9] cannot be properly analyzed as its control pin TIMP_reg[9]/G is not reached by a timing clock
Related violations: <none>

TIMING-20#83 Warning
Non-clocked latch  
The latch Timp_num/hour_digit_reg[0]_LDC cannot be properly analyzed as its control pin Timp_num/hour_digit_reg[0]_LDC/G is not reached by a timing clock
Related violations: <none>

TIMING-20#84 Warning
Non-clocked latch  
The latch Timp_num/hour_digit_reg[1]_LDC cannot be properly analyzed as its control pin Timp_num/hour_digit_reg[1]_LDC/G is not reached by a timing clock
Related violations: <none>

TIMING-20#85 Warning
Non-clocked latch  
The latch Timp_num/min_digit0_reg[0]_LDC cannot be properly analyzed as its control pin Timp_num/min_digit0_reg[0]_LDC/G is not reached by a timing clock
Related violations: <none>

TIMING-20#86 Warning
Non-clocked latch  
The latch Timp_num/min_digit0_reg[1]_LDC cannot be properly analyzed as its control pin Timp_num/min_digit0_reg[1]_LDC/G is not reached by a timing clock
Related violations: <none>

TIMING-20#87 Warning
Non-clocked latch  
The latch Timp_num/min_digit0_reg[2]_LDC cannot be properly analyzed as its control pin Timp_num/min_digit0_reg[2]_LDC/G is not reached by a timing clock
Related violations: <none>

TIMING-20#88 Warning
Non-clocked latch  
The latch Timp_num/min_digit1_reg[0]_LDC cannot be properly analyzed as its control pin Timp_num/min_digit1_reg[0]_LDC/G is not reached by a timing clock
Related violations: <none>

TIMING-20#89 Warning
Non-clocked latch  
The latch Timp_num/min_digit1_reg[1]_LDC cannot be properly analyzed as its control pin Timp_num/min_digit1_reg[1]_LDC/G is not reached by a timing clock
Related violations: <none>

TIMING-20#90 Warning
Non-clocked latch  
The latch Timp_num/min_digit1_reg[2]_LDC cannot be properly analyzed as its control pin Timp_num/min_digit1_reg[2]_LDC/G is not reached by a timing clock
Related violations: <none>

TIMING-20#91 Warning
Non-clocked latch  
The latch enable_stare_urmatoare_reg cannot be properly analyzed as its control pin enable_stare_urmatoare_reg/G is not reached by a timing clock
Related violations: <none>

TIMING-20#92 Warning
Non-clocked latch  
The latch enable_start_reg cannot be properly analyzed as its control pin enable_start_reg/G is not reached by a timing clock
Related violations: <none>

TIMING-20#93 Warning
Non-clocked latch  
The latch timp_spalare_reg[0] cannot be properly analyzed as its control pin timp_spalare_reg[0]/G is not reached by a timing clock
Related violations: <none>

TIMING-20#94 Warning
Non-clocked latch  
The latch timp_spalare_reg[1] cannot be properly analyzed as its control pin timp_spalare_reg[1]/G is not reached by a timing clock
Related violations: <none>

TIMING-20#95 Warning
Non-clocked latch  
The latch timp_spalare_reg[2] cannot be properly analyzed as its control pin timp_spalare_reg[2]/G is not reached by a timing clock
Related violations: <none>

TIMING-20#96 Warning
Non-clocked latch  
The latch timp_spalare_reg[3] cannot be properly analyzed as its control pin timp_spalare_reg[3]/G is not reached by a timing clock
Related violations: <none>

TIMING-20#97 Warning
Non-clocked latch  
The latch timp_spalare_reg[4] cannot be properly analyzed as its control pin timp_spalare_reg[4]/G is not reached by a timing clock
Related violations: <none>

TIMING-20#98 Warning
Non-clocked latch  
The latch timp_spalare_reg[5] cannot be properly analyzed as its control pin timp_spalare_reg[5]/G is not reached by a timing clock
Related violations: <none>

TIMING-20#99 Warning
Non-clocked latch  
The latch timp_spalare_reg[6] cannot be properly analyzed as its control pin timp_spalare_reg[6]/G is not reached by a timing clock
Related violations: <none>


