#-----------------------------------------------------------
# Vivado v2018.3 (64-bit)
# SW Build 2405991 on Thu Dec  6 23:38:27 MST 2018
# IP Build 2404404 on Fri Dec  7 01:43:56 MST 2018
# Start of session at: Sat May 27 08:22:51 2023
# Process ID: 24564
# Current directory: C:/Users/Petrenciuc Amelia/OneDrive/Desktop/VERSIUNE_NOUA_MASINA/masina_spalat_vase
# Command line: vivado.exe -gui_launcher_event rodinguilauncherevent25428 C:\Users\Petrenciuc Amelia\OneDrive\Desktop\VERSIUNE_NOUA_MASINA\masina_spalat_vase\masina_spalat_vase.xpr
# Log file: C:/Users/Petrenciuc Amelia/OneDrive/Desktop/VERSIUNE_NOUA_MASINA/masina_spalat_vase/vivado.log
# Journal file: C:/Users/Petrenciuc Amelia/OneDrive/Desktop/VERSIUNE_NOUA_MASINA/masina_spalat_vase\vivado.jou
#-----------------------------------------------------------
start_gui
open_project {C:/Users/Petrenciuc Amelia/OneDrive/Desktop/VERSIUNE_NOUA_MASINA/masina_spalat_vase/masina_spalat_vase.xpr}
INFO: [ProjectBase 1-489] The host OS only allows 260 characters in a normal path. The project is stored in a path with more than 80 characters. If you experience issues with IP, Block Designs, or files not being found, please consider moving the project to a location with a shorter path. Alternately consider using the OS subst command to map part of the path to a drive letter.
Current project path is 'C:/Users/Petrenciuc Amelia/OneDrive/Desktop/VERSIUNE_NOUA_MASINA/masina_spalat_vase'
INFO: [Project 1-313] Project file moved from 'D:/DSD/COLOCVIU_PB/masina_spalat_vase' since last save.
CRITICAL WARNING: [Project 1-311] Could not find the file 'C:/Users/Petrenciuc Amelia/OneDrive/Desktop/DEBOUNCER/DEBOUNCER.srcs/sources_1/new/debouncer.vhd', nor could it be found using path 'D:/DSD/DEBOUNCER/DEBOUNCER.srcs/sources_1/new/debouncer.vhd'.
CRITICAL WARNING: [Project 1-311] Could not find the file 'C:/Users/Petrenciuc Amelia/OneDrive/Desktop/DEBOUNCER/DEBOUNCER.srcs/sources_1/new/counter_4_bits.vhd', nor could it be found using path 'D:/DSD/DEBOUNCER/DEBOUNCER.srcs/sources_1/new/counter_4_bits.vhd'.
Scanning sources...
Finished scanning sources
CRITICAL WARNING: [Board 49-67] The board_part definition was not found for digilentinc.com:basys3:part0:1.2. This can happen sometimes when you use custom board part. You can resolve this issue by setting 'board.repoPaths' parameter, pointing to the location of custom board files. Valid board_part values can be retrieved with the 'get_board_parts' Tcl command.
INFO: [IP_Flow 19-234] Refreshing IP repositories
INFO: [IP_Flow 19-1704] No user IP repositories specified
INFO: [IP_Flow 19-2313] Loaded Vivado IP repository 'C:/Xilinx/Vivado/2018.3/data/ip'.
open_project: Time (s): cpu = 00:00:05 ; elapsed = 00:00:06 . Memory (MB): peak = 860.625 ; gain = 205.766
update_compile_order -fileset sources_1
add_files -norecurse {{C:/Users/Petrenciuc Amelia/OneDrive/Desktop/counter_4_bits.vhd} {C:/Users/Petrenciuc Amelia/OneDrive/Desktop/debouncer.vhd}}
update_compile_order -fileset sources_1
reset_run synth_1
launch_runs synth_1 -jobs 8
[Sat May 27 08:52:49 2023] Launched synth_1...
Run output will be captured here: C:/Users/Petrenciuc Amelia/OneDrive/Desktop/VERSIUNE_NOUA_MASINA/masina_spalat_vase/masina_spalat_vase.runs/synth_1/runme.log
launch_runs impl_2 -jobs 8
[Sat May 27 08:53:20 2023] Launched impl_2...
Run output will be captured here: C:/Users/Petrenciuc Amelia/OneDrive/Desktop/VERSIUNE_NOUA_MASINA/masina_spalat_vase/masina_spalat_vase.runs/impl_2/runme.log
open_run impl_2
INFO: [Netlist 29-17] Analyzing 62 Unisim elements for replacement
INFO: [Netlist 29-28] Unisim Transformation completed in 0 CPU seconds
INFO: [Project 1-479] Netlist was created with Vivado 2018.3
INFO: [Device 21-403] Loading part xc7a35tcpg236-1
INFO: [Project 1-570] Preparing netlist for logic optimization
INFO: [Timing 38-478] Restoring timing data from binary archive.
INFO: [Timing 38-479] Binary timing data restore complete.
INFO: [Project 1-856] Restoring constraints from binary archive.
INFO: [Project 1-853] Binary constraint restore complete.
Reading XDEF placement.
Reading placer database...
Reading XDEF routing.
Read XDEF File: Time (s): cpu = 00:00:00 ; elapsed = 00:00:00.092 . Memory (MB): peak = 1764.930 ; gain = 0.000
Restored from archive | CPU: 0.000000 secs | Memory: 0.000000 MB |
Finished XDEF File Restore: Time (s): cpu = 00:00:00 ; elapsed = 00:00:00.092 . Memory (MB): peak = 1764.930 ; gain = 0.000
Netlist sorting complete. Time (s): cpu = 00:00:00 ; elapsed = 00:00:00.001 . Memory (MB): peak = 1764.930 ; gain = 0.000
INFO: [Project 1-111] Unisim Transformation Summary:
No Unisim elements were transformed.

open_run: Time (s): cpu = 00:00:14 ; elapsed = 00:00:14 . Memory (MB): peak = 1945.887 ; gain = 1005.785
launch_runs impl_2 -to_step write_bitstream -jobs 8
[Sat May 27 08:54:40 2023] Launched impl_2...
Run output will be captured here: C:/Users/Petrenciuc Amelia/OneDrive/Desktop/VERSIUNE_NOUA_MASINA/masina_spalat_vase/masina_spalat_vase.runs/impl_2/runme.log
launch_runs impl_2 -to_step write_bitstream -jobs 8
ERROR: [Common 17-69] Command failed:  Run'impl_2' is already running and cannot be relaunched.
open_hw
connect_hw_server
INFO: [Labtools 27-2285] Connecting to hw_server url TCP:localhost:3121
INFO: [Labtools 27-2222] Launching hw_server...
INFO: [Labtools 27-2221] Launch Output:

****** Xilinx hw_server v2018.3
  **** Build date : Dec  7 2018-00:40:27
    ** Copyright 1986-2018 Xilinx, Inc. All Rights Reserved.


open_hw_target
INFO: [Labtoolstcl 44-466] Opening hw_target localhost:3121/xilinx_tcf/Digilent/210183A38A3FA
set_property PROGRAM.FILE {C:/Users/Petrenciuc Amelia/OneDrive/Desktop/VERSIUNE_NOUA_MASINA/masina_spalat_vase/masina_spalat_vase.runs/impl_2/SETARE_PROGRAM.bit} [get_hw_devices xc7a35t_0]
current_hw_device [get_hw_devices xc7a35t_0]
refresh_hw_device -update_hw_probes false [lindex [get_hw_devices xc7a35t_0] 0]
INFO: [Labtools 27-1434] Device xc7a35t (JTAG device index = 0) is programmed with a design that has no supported debug core(s) in it.
set_property PROBES.FILE {} [get_hw_devices xc7a35t_0]
set_property FULL_PROBES.FILE {} [get_hw_devices xc7a35t_0]
set_property PROGRAM.FILE {C:/Users/Petrenciuc Amelia/OneDrive/Desktop/VERSIUNE_NOUA_MASINA/masina_spalat_vase/masina_spalat_vase.runs/impl_2/SETARE_PROGRAM.bit} [get_hw_devices xc7a35t_0]
program_hw_devices [get_hw_devices xc7a35t_0]
INFO: [Labtools 27-3164] End of startup status: HIGH
refresh_hw_device [lindex [get_hw_devices xc7a35t_0] 0]
INFO: [Labtools 27-1434] Device xc7a35t (JTAG device index = 0) is programmed with a design that has no supported debug core(s) in it.
export_ip_user_files -of_objects  [get_files {{C:/Users/Petrenciuc Amelia/OneDrive/Desktop/DEBOUNCER/DEBOUNCER.srcs/sources_1/new/counter_4_bits.vhd}}] -no_script -reset -force -quiet
remove_files  {{C:/Users/Petrenciuc Amelia/OneDrive/Desktop/DEBOUNCER/DEBOUNCER.srcs/sources_1/new/counter_4_bits.vhd}}
export_ip_user_files -of_objects  [get_files {{C:/Users/Petrenciuc Amelia/OneDrive/Desktop/DEBOUNCER/DEBOUNCER.srcs/sources_1/new/debouncer.vhd}}] -no_script -reset -force -quiet
remove_files  {{C:/Users/Petrenciuc Amelia/OneDrive/Desktop/DEBOUNCER/DEBOUNCER.srcs/sources_1/new/debouncer.vhd}}
reset_run synth_1
launch_runs synth_1 -jobs 8
[Sat May 27 09:38:15 2023] Launched synth_1...
Run output will be captured here: C:/Users/Petrenciuc Amelia/OneDrive/Desktop/VERSIUNE_NOUA_MASINA/masina_spalat_vase/masina_spalat_vase.runs/synth_1/runme.log
reset_run synth_1
launch_runs synth_1 -jobs 8
[Sat May 27 09:38:38 2023] Launched synth_1...
Run output will be captured here: C:/Users/Petrenciuc Amelia/OneDrive/Desktop/VERSIUNE_NOUA_MASINA/masina_spalat_vase/masina_spalat_vase.runs/synth_1/runme.log
launch_runs impl_2 -jobs 8
[Sat May 27 09:39:11 2023] Launched impl_2...
Run output will be captured here: C:/Users/Petrenciuc Amelia/OneDrive/Desktop/VERSIUNE_NOUA_MASINA/masina_spalat_vase/masina_spalat_vase.runs/impl_2/runme.log
launch_runs impl_2 -to_step write_bitstream -jobs 8
[Sat May 27 09:40:55 2023] Launched impl_2...
Run output will be captured here: C:/Users/Petrenciuc Amelia/OneDrive/Desktop/VERSIUNE_NOUA_MASINA/masina_spalat_vase/masina_spalat_vase.runs/impl_2/runme.log
set_property PROBES.FILE {} [get_hw_devices xc7a35t_0]
set_property FULL_PROBES.FILE {} [get_hw_devices xc7a35t_0]
set_property PROGRAM.FILE {C:/Users/Petrenciuc Amelia/OneDrive/Desktop/VERSIUNE_NOUA_MASINA/masina_spalat_vase/masina_spalat_vase.runs/impl_2/SETARE_PROGRAM.bit} [get_hw_devices xc7a35t_0]
program_hw_devices [get_hw_devices xc7a35t_0]
INFO: [Labtools 27-3164] End of startup status: HIGH
refresh_hw_device [lindex [get_hw_devices xc7a35t_0] 0]
INFO: [Labtools 27-1434] Device xc7a35t (JTAG device index = 0) is programmed with a design that has no supported debug core(s) in it.
ERROR: [Labtoolstcl 44-513] HW Target shutdown. Closing target: localhost:3121/xilinx_tcf/Digilent/210183A38A3FA
reset_run synth_1
launch_runs synth_1 -jobs 8
[Sat May 27 09:59:02 2023] Launched synth_1...
Run output will be captured here: C:/Users/Petrenciuc Amelia/OneDrive/Desktop/VERSIUNE_NOUA_MASINA/masina_spalat_vase/masina_spalat_vase.runs/synth_1/runme.log
launch_runs impl_2 -jobs 8
[Sat May 27 09:59:34 2023] Launched impl_2...
Run output will be captured here: C:/Users/Petrenciuc Amelia/OneDrive/Desktop/VERSIUNE_NOUA_MASINA/masina_spalat_vase/masina_spalat_vase.runs/impl_2/runme.log
launch_runs impl_2 -to_step write_bitstream -jobs 8
[Sat May 27 10:00:30 2023] Launched impl_2...
Run output will be captured here: C:/Users/Petrenciuc Amelia/OneDrive/Desktop/VERSIUNE_NOUA_MASINA/masina_spalat_vase/masina_spalat_vase.runs/impl_2/runme.log
INFO: [Labtoolstcl 44-466] Opening hw_target localhost:3121/xilinx_tcf/Digilent/210183A38A3FA
INFO: [Labtools 27-1434] Device xc7a35t (JTAG device index = 0) is programmed with a design that has no supported debug core(s) in it.
WARNING: [Labtoolstcl 44-129] No matching hw_ila_data was found.
set_property PROBES.FILE {} [get_hw_devices xc7a35t_0]
set_property FULL_PROBES.FILE {} [get_hw_devices xc7a35t_0]
set_property PROGRAM.FILE {C:/Users/Petrenciuc Amelia/OneDrive/Desktop/VERSIUNE_NOUA_MASINA/masina_spalat_vase/masina_spalat_vase.runs/impl_2/SETARE_PROGRAM.bit} [get_hw_devices xc7a35t_0]
program_hw_devices [get_hw_devices xc7a35t_0]
INFO: [Labtools 27-3164] End of startup status: HIGH
refresh_hw_device [lindex [get_hw_devices xc7a35t_0] 0]
INFO: [Labtools 27-1434] Device xc7a35t (JTAG device index = 0) is programmed with a design that has no supported debug core(s) in it.
reset_run synth_1
launch_runs synth_1 -jobs 8
[Sat May 27 10:07:10 2023] Launched synth_1...
Run output will be captured here: C:/Users/Petrenciuc Amelia/OneDrive/Desktop/VERSIUNE_NOUA_MASINA/masina_spalat_vase/masina_spalat_vase.runs/synth_1/runme.log
launch_runs impl_2 -jobs 8
[Sat May 27 10:07:41 2023] Launched impl_2...
Run output will be captured here: C:/Users/Petrenciuc Amelia/OneDrive/Desktop/VERSIUNE_NOUA_MASINA/masina_spalat_vase/masina_spalat_vase.runs/impl_2/runme.log
launch_runs impl_2 -to_step write_bitstream -jobs 8
[Sat May 27 10:08:37 2023] Launched impl_2...
Run output will be captured here: C:/Users/Petrenciuc Amelia/OneDrive/Desktop/VERSIUNE_NOUA_MASINA/masina_spalat_vase/masina_spalat_vase.runs/impl_2/runme.log
set_property PROBES.FILE {} [get_hw_devices xc7a35t_0]
set_property FULL_PROBES.FILE {} [get_hw_devices xc7a35t_0]
set_property PROGRAM.FILE {C:/Users/Petrenciuc Amelia/OneDrive/Desktop/VERSIUNE_NOUA_MASINA/masina_spalat_vase/masina_spalat_vase.runs/impl_2/SETARE_PROGRAM.bit} [get_hw_devices xc7a35t_0]
program_hw_devices [get_hw_devices xc7a35t_0]
INFO: [Labtools 27-3164] End of startup status: HIGH
refresh_hw_device [lindex [get_hw_devices xc7a35t_0] 0]
INFO: [Labtools 27-1434] Device xc7a35t (JTAG device index = 0) is programmed with a design that has no supported debug core(s) in it.
ERROR: [Labtoolstcl 44-513] HW Target shutdown. Closing target: localhost:3121/xilinx_tcf/Digilent/210183A38A3FA
INFO: [Labtoolstcl 44-466] Opening hw_target localhost:3121/xilinx_tcf/Digilent/210183A38A3FA
INFO: [Labtools 27-1434] Device xc7a35t (JTAG device index = 0) is programmed with a design that has no supported debug core(s) in it.
WARNING: [Labtoolstcl 44-129] No matching hw_ila_data was found.
reset_run synth_1
launch_runs synth_1 -jobs 8
[Sat May 27 11:07:42 2023] Launched synth_1...
Run output will be captured here: C:/Users/Petrenciuc Amelia/OneDrive/Desktop/VERSIUNE_NOUA_MASINA/masina_spalat_vase/masina_spalat_vase.runs/synth_1/runme.log
launch_runs impl_2 -jobs 8
[Sat May 27 11:08:27 2023] Launched impl_2...
Run output will be captured here: C:/Users/Petrenciuc Amelia/OneDrive/Desktop/VERSIUNE_NOUA_MASINA/masina_spalat_vase/masina_spalat_vase.runs/impl_2/runme.log
launch_runs impl_2 -to_step write_bitstream -jobs 8
[Sat May 27 11:09:19 2023] Launched impl_2...
Run output will be captured here: C:/Users/Petrenciuc Amelia/OneDrive/Desktop/VERSIUNE_NOUA_MASINA/masina_spalat_vase/masina_spalat_vase.runs/impl_2/runme.log
set_property PROBES.FILE {} [get_hw_devices xc7a35t_0]
set_property FULL_PROBES.FILE {} [get_hw_devices xc7a35t_0]
set_property PROGRAM.FILE {C:/Users/Petrenciuc Amelia/OneDrive/Desktop/VERSIUNE_NOUA_MASINA/masina_spalat_vase/masina_spalat_vase.runs/impl_2/SETARE_PROGRAM.bit} [get_hw_devices xc7a35t_0]
program_hw_devices [get_hw_devices xc7a35t_0]
INFO: [Labtools 27-3164] End of startup status: HIGH
refresh_hw_device [lindex [get_hw_devices xc7a35t_0] 0]
INFO: [Labtools 27-1434] Device xc7a35t (JTAG device index = 0) is programmed with a design that has no supported debug core(s) in it.
exit
INFO: [Common 17-206] Exiting Vivado at Sat May 27 11:34:31 2023...
